<html>
<head>
<title>TestNG:  ChromeTest</title>
<link href="../testng.css" rel="stylesheet" type="text/css" />
<link href="../my-testng.css" rel="stylesheet" type="text/css" />

<style type="text/css">
.log { display: none;} 
.stack-trace { display: none;} 
</style>
<script type="text/javascript">
<!--
function flip(e) {
  current = e.style.display;
  if (current == 'block') {
    e.style.display = 'none';
    return 0;
  }
  else {
    e.style.display = 'block';
    return 1;
  }
}

function toggleBox(szDivId, elem, msg1, msg2)
{
  var res = -1;  if (document.getElementById) {
    res = flip(document.getElementById(szDivId));
  }
  else if (document.all) {
    // this is the way old msie versions work
    res = flip(document.all[szDivId]);
  }
  if(elem) {
    if(res == 0) elem.innerHTML = msg1; else elem.innerHTML = msg2;
  }

}

function toggleAllBoxes() {
  if (document.getElementsByTagName) {
    d = document.getElementsByTagName('div');
    for (i = 0; i < d.length; i++) {
      if (d[i].className == 'log') {
        flip(d[i]);
      }
    }
  }
}

// -->
</script>

</head>
<body>
<h2 align='center'>ChromeTest</h2><table border='1' align="center">
<tr>
<td>Tests passed/Failed/Skipped:</td><td>8/3/0</td>
</tr><tr>
<td>Started on:</td><td>Sat Feb 15 03:36:06 IST 2025</td>
</tr>
<tr><td>Total time:</td><td>48 seconds (48227 ms)</td>
</tr><tr>
<td>Included groups:</td><td></td>
</tr><tr>
<td>Excluded groups:</td><td></td>
</tr>
</table><p/>
<small><i>(Hover the method name to see the test class name)</i></small><p/>
<table width='100%' border='1' class='invocation-failed'>
<tr><td colspan='4' align='center'><b>FAILED TESTS</b></td></tr>
<tr><td><b>Test method</b></td>
<td width="30%"><b>Exception</b></td>
<td width="10%"><b>Time (seconds)</b></td>
<td><b>Instance</b></td>
</tr>
<tr>
<td title='tests.EmailFriend_Tests.email_friend_tests()'><b>email_friend_tests</b><br>Test class: tests.EmailFriend_Tests<br>Parameters: Valid_emailing, Black & White Diamond Heart, frnd@test.com, Valid email testing</td>
<td><div><pre>java.lang.NullPointerException: Cannot invoke &quot;org.openqa.selenium.WebElement.isDisplayed()&quot; because &quot;this.emailPage.pageTitle$&quot; is null
	at tests.EmailFriend_Tests.email_friend_tests(EmailFriend_Tests.java:41)
	at java.base/java.util.concurrent.ThreadPoolExecutor.runWorker(ThreadPoolExecutor.java:1144)
	at java.base/java.util.concurrent.ThreadPoolExecutor$Worker.run(ThreadPoolExecutor.java:642)
	at java.base/java.lang.Thread.run(Thread.java:1575)
... Removed 10 stack frames</pre></div><a href='#' onClick='toggleBox("stack-trace1265838101", this, "Click to show all stack frames", "Click to hide stack frames")'>Click to show all stack frames</a>
<div class='stack-trace' id='stack-trace1265838101'><pre>java.lang.NullPointerException: Cannot invoke &quot;org.openqa.selenium.WebElement.isDisplayed()&quot; because &quot;this.emailPage.pageTitle$&quot; is null
	at tests.EmailFriend_Tests.email_friend_tests(EmailFriend_Tests.java:41)
	at java.base/jdk.internal.reflect.DirectMethodHandleAccessor.invoke(DirectMethodHandleAccessor.java:103)
	at java.base/java.lang.reflect.Method.invoke(Method.java:580)
	at org.testng.internal.MethodInvocationHelper.invokeMethod(MethodInvocationHelper.java:133)
	at org.testng.internal.TestInvoker.invokeMethod(TestInvoker.java:598)
	at org.testng.internal.TestInvoker.invokeTestMethod(TestInvoker.java:173)
	at org.testng.internal.MethodRunner.runInSequence(MethodRunner.java:46)
	at org.testng.internal.TestInvoker$MethodInvocationAgent.invoke(TestInvoker.java:824)
	at org.testng.internal.TestInvoker.invokeTestMethods(TestInvoker.java:146)
	at org.testng.internal.TestMethodWorker.invokeTestMethods(TestMethodWorker.java:146)
	at org.testng.internal.TestMethodWorker.run(TestMethodWorker.java:128)
	at java.base/java.util.concurrent.ThreadPoolExecutor.runWorker(ThreadPoolExecutor.java:1144)
	at java.base/java.util.concurrent.ThreadPoolExecutor$Worker.run(ThreadPoolExecutor.java:642)
	at java.base/java.lang.Thread.run(Thread.java:1575)
</pre></div></td>
<td>7</td>
<td>tests.EmailFriend_Tests@3754a4bf</td></tr>
<tr>
<td title='tests.EmailFriend_Tests.email_friend_tests()'><b>email_friend_tests</b><br>Test class: tests.EmailFriend_Tests<br>Parameters: Invalid_emailing: invalid friend email, Smartphone, t, Invalid email testing</td>
<td><div><pre>java.lang.NullPointerException: Cannot invoke &quot;org.openqa.selenium.WebElement.isDisplayed()&quot; because &quot;this.emailPage.pageTitle$&quot; is null
	at tests.EmailFriend_Tests.email_friend_tests(EmailFriend_Tests.java:41)
	at java.base/java.util.concurrent.ThreadPoolExecutor.runWorker(ThreadPoolExecutor.java:1144)
	at java.base/java.util.concurrent.ThreadPoolExecutor$Worker.run(ThreadPoolExecutor.java:642)
	at java.base/java.lang.Thread.run(Thread.java:1575)
... Removed 10 stack frames</pre></div><a href='#' onClick='toggleBox("stack-trace747691607", this, "Click to show all stack frames", "Click to hide stack frames")'>Click to show all stack frames</a>
<div class='stack-trace' id='stack-trace747691607'><pre>java.lang.NullPointerException: Cannot invoke &quot;org.openqa.selenium.WebElement.isDisplayed()&quot; because &quot;this.emailPage.pageTitle$&quot; is null
	at tests.EmailFriend_Tests.email_friend_tests(EmailFriend_Tests.java:41)
	at java.base/jdk.internal.reflect.DirectMethodHandleAccessor.invoke(DirectMethodHandleAccessor.java:103)
	at java.base/java.lang.reflect.Method.invoke(Method.java:580)
	at org.testng.internal.MethodInvocationHelper.invokeMethod(MethodInvocationHelper.java:133)
	at org.testng.internal.TestInvoker.invokeMethod(TestInvoker.java:598)
	at org.testng.internal.TestInvoker.invokeTestMethod(TestInvoker.java:173)
	at org.testng.internal.MethodRunner.runInSequence(MethodRunner.java:46)
	at org.testng.internal.TestInvoker$MethodInvocationAgent.invoke(TestInvoker.java:824)
	at org.testng.internal.TestInvoker.invokeTestMethods(TestInvoker.java:146)
	at org.testng.internal.TestMethodWorker.invokeTestMethods(TestMethodWorker.java:146)
	at org.testng.internal.TestMethodWorker.run(TestMethodWorker.java:128)
	at java.base/java.util.concurrent.ThreadPoolExecutor.runWorker(ThreadPoolExecutor.java:1144)
	at java.base/java.util.concurrent.ThreadPoolExecutor$Worker.run(ThreadPoolExecutor.java:642)
	at java.base/java.lang.Thread.run(Thread.java:1575)
</pre></div></td>
<td>6</td>
<td>tests.EmailFriend_Tests@3754a4bf</td></tr>
<tr>
<td title='tests.EmailFriend_Tests.email_friend_tests()'><b>email_friend_tests</b><br>Test class: tests.EmailFriend_Tests<br>Parameters: Invalid_emailing: friend and user email same, 14.1-inch Laptop, sku@mail.com, Invalid email testing</td>
<td><div><pre>java.lang.NullPointerException: Cannot invoke &quot;org.openqa.selenium.WebElement.isDisplayed()&quot; because &quot;this.emailPage.pageTitle$&quot; is null
	at tests.EmailFriend_Tests.email_friend_tests(EmailFriend_Tests.java:41)
	at java.base/java.util.concurrent.ThreadPoolExecutor.runWorker(ThreadPoolExecutor.java:1144)
	at java.base/java.util.concurrent.ThreadPoolExecutor$Worker.run(ThreadPoolExecutor.java:642)
	at java.base/java.lang.Thread.run(Thread.java:1575)
... Removed 10 stack frames</pre></div><a href='#' onClick='toggleBox("stack-trace1843995188", this, "Click to show all stack frames", "Click to hide stack frames")'>Click to show all stack frames</a>
<div class='stack-trace' id='stack-trace1843995188'><pre>java.lang.NullPointerException: Cannot invoke &quot;org.openqa.selenium.WebElement.isDisplayed()&quot; because &quot;this.emailPage.pageTitle$&quot; is null
	at tests.EmailFriend_Tests.email_friend_tests(EmailFriend_Tests.java:41)
	at java.base/jdk.internal.reflect.DirectMethodHandleAccessor.invoke(DirectMethodHandleAccessor.java:103)
	at java.base/java.lang.reflect.Method.invoke(Method.java:580)
	at org.testng.internal.MethodInvocationHelper.invokeMethod(MethodInvocationHelper.java:133)
	at org.testng.internal.TestInvoker.invokeMethod(TestInvoker.java:598)
	at org.testng.internal.TestInvoker.invokeTestMethod(TestInvoker.java:173)
	at org.testng.internal.MethodRunner.runInSequence(MethodRunner.java:46)
	at org.testng.internal.TestInvoker$MethodInvocationAgent.invoke(TestInvoker.java:824)
	at org.testng.internal.TestInvoker.invokeTestMethods(TestInvoker.java:146)
	at org.testng.internal.TestMethodWorker.invokeTestMethods(TestMethodWorker.java:146)
	at org.testng.internal.TestMethodWorker.run(TestMethodWorker.java:128)
	at java.base/java.util.concurrent.ThreadPoolExecutor.runWorker(ThreadPoolExecutor.java:1144)
	at java.base/java.util.concurrent.ThreadPoolExecutor$Worker.run(ThreadPoolExecutor.java:642)
	at java.base/java.lang.Thread.run(Thread.java:1575)
</pre></div></td>
<td>4</td>
<td>tests.EmailFriend_Tests@3754a4bf</td></tr>
</table><p>
<table width='100%' border='1' class='invocation-passed'>
<tr><td colspan='4' align='center'><b>PASSED TESTS</b></td></tr>
<tr><td><b>Test method</b></td>
<td width="30%"><b>Exception</b></td>
<td width="10%"><b>Time (seconds)</b></td>
<td><b>Instance</b></td>
</tr>
<tr>
<td title='tests.ItemPageTests.item_page_navigation_tests()'><b>item_page_navigation_tests</b><br>Test class: tests.ItemPageTests<br>Parameters: Verify_navigation_to_Item_page, Black & White Diamond Heart</td>
<td></td>
<td>3</td>
<td>tests.ItemPageTests@13c9d689</td></tr>
<tr>
<td title='tests.ItemPageTests.item_details_visibility_tests()'><b>item_details_visibility_tests</b><br>Test class: tests.ItemPageTests<br>Parameters: Verify_item_details_are_visible, Smartphone</td>
<td></td>
<td>4</td>
<td>tests.ItemPageTests@13c9d689</td></tr>
<tr>
<td title='tests.Login_Test.login_tests()'><b>login_tests</b><br>Test class: tests.Login_Test<br>Parameters: Verify_invalid_login: email blank, , sku1234</td>
<td></td>
<td>3</td>
<td>tests.Login_Test@459e9125</td></tr>
<tr>
<td title='tests.ItemPageTests.item_page_navigation_tests()'><b>item_page_navigation_tests</b><br>Test class: tests.ItemPageTests<br>Parameters: Verify_navigation_to_Item_page, 14.1-inch Laptop</td>
<td></td>
<td>3</td>
<td>tests.ItemPageTests@13c9d689</td></tr>
<tr>
<td title='tests.Login_Test.login_tests()'><b>login_tests</b><br>Test class: tests.Login_Test<br>Parameters: Verify_valid_login, sku@mail.com, sku1234</td>
<td></td>
<td>2</td>
<td>tests.Login_Test@459e9125</td></tr>
<tr>
<td title='tests.Login_Test.login_tests()'><b>login_tests</b><br>Test class: tests.Login_Test<br>Parameters: Verify_invalid_login: password blank, sku@mail.com, </td>
<td></td>
<td>2</td>
<td>tests.Login_Test@459e9125</td></tr>
<tr>
<td title='tests.ItemPageTests.item_page_navigation_tests()'><b>item_page_navigation_tests</b><br>Test class: tests.ItemPageTests<br>Parameters: Verify_navigation_to_Item_page, Smartphone</td>
<td></td>
<td>5</td>
<td>tests.ItemPageTests@13c9d689</td></tr>
<tr>
<td title='tests.ItemPageTests.item_details_visibility_tests()'><b>item_details_visibility_tests</b><br>Test class: tests.ItemPageTests<br>Parameters: Verify_item_details_are_visible, Black & White Diamond Heart</td>
<td></td>
<td>4</td>
<td>tests.ItemPageTests@13c9d689</td></tr>
</table><p>
</body>
</html>