<?xml version="1.0" encoding="UTF-8"?>
<!-- Generated by org.testng.reporters.JUnitXMLReporter -->
<testsuite ignored="0" hostname="ganesh" failures="10" tests="10" name="EdgeTest" time="86.287" errors="0" timestamp="2025-02-08T23:27:18 IST">
  <testcase classname="tests.ItemPageTests" name="verify_item_details_are_visible" time="0.002">
    <failure type="java.lang.ArrayIndexOutOfBoundsException" message="Index 1 out of bounds for length 1">
      <![CDATA[java.lang.ArrayIndexOutOfBoundsException: Index 1 out of bounds for length 1
at commonLib.ExtentListener.onTestStart(ExtentListener.java:50)
at java.base/java.util.ArrayList.forEach(ArrayList.java:1597)
... Removed 24 stack frames]]>
    </failure>
  </testcase> <!-- verify_item_details_are_visible -->
  <testcase classname="tests.ItemPageTests" name="verify_item_details_are_visible" time="0.003">
    <failure type="java.lang.ArrayIndexOutOfBoundsException" message="Index 1 out of bounds for length 1">
      <![CDATA[java.lang.ArrayIndexOutOfBoundsException: Index 1 out of bounds for length 1
at commonLib.ExtentListener.onTestStart(ExtentListener.java:50)
at java.base/java.util.ArrayList.forEach(ArrayList.java:1597)
... Removed 24 stack frames]]>
    </failure>
  </testcase> <!-- verify_item_details_are_visible -->
  <testcase classname="tests.ItemPageTests" name="verify_item_details_are_visible" time="0.002">
    <failure type="java.lang.ArrayIndexOutOfBoundsException" message="Index 1 out of bounds for length 1">
      <![CDATA[java.lang.ArrayIndexOutOfBoundsException: Index 1 out of bounds for length 1
at commonLib.ExtentListener.onTestStart(ExtentListener.java:50)
at java.base/java.util.ArrayList.forEach(ArrayList.java:1597)
... Removed 24 stack frames]]>
    </failure>
  </testcase> <!-- verify_item_details_are_visible -->
  <testcase classname="tests.ItemPageTests" name="verify_item_details_are_visible" time="0.001">
    <failure type="java.lang.ArrayIndexOutOfBoundsException" message="Index 1 out of bounds for length 1">
      <![CDATA[java.lang.ArrayIndexOutOfBoundsException: Index 1 out of bounds for length 1
at commonLib.ExtentListener.onTestStart(ExtentListener.java:50)
at java.base/java.util.ArrayList.forEach(ArrayList.java:1597)
... Removed 24 stack frames]]>
    </failure>
  </testcase> <!-- verify_item_details_are_visible -->
  <testcase classname="tests.ItemPageTests" name="verify_item_details_are_visible" time="0.001">
    <failure type="java.lang.ArrayIndexOutOfBoundsException" message="Index 1 out of bounds for length 1">
      <![CDATA[java.lang.ArrayIndexOutOfBoundsException: Index 1 out of bounds for length 1
at commonLib.ExtentListener.onTestStart(ExtentListener.java:50)
at java.base/java.util.ArrayList.forEach(ArrayList.java:1597)
... Removed 24 stack frames]]>
    </failure>
  </testcase> <!-- verify_item_details_are_visible -->
  <testcase classname="tests.ItemPageTests" name="verify_navigation_to_Item_page" time="0.001">
    <failure type="java.lang.ArrayIndexOutOfBoundsException" message="Index 1 out of bounds for length 1">
      <![CDATA[java.lang.ArrayIndexOutOfBoundsException: Index 1 out of bounds for length 1
at commonLib.ExtentListener.onTestStart(ExtentListener.java:50)
at java.base/java.util.ArrayList.forEach(ArrayList.java:1597)
... Removed 24 stack frames]]>
    </failure>
  </testcase> <!-- verify_navigation_to_Item_page -->
  <testcase classname="tests.ItemPageTests" name="verify_navigation_to_Item_page" time="0.002">
    <failure type="java.lang.ArrayIndexOutOfBoundsException" message="Index 1 out of bounds for length 1">
      <![CDATA[java.lang.ArrayIndexOutOfBoundsException: Index 1 out of bounds for length 1
at commonLib.ExtentListener.onTestStart(ExtentListener.java:50)
at java.base/java.util.ArrayList.forEach(ArrayList.java:1597)
... Removed 24 stack frames]]>
    </failure>
  </testcase> <!-- verify_navigation_to_Item_page -->
  <testcase classname="tests.ItemPageTests" name="verify_navigation_to_Item_page" time="0.001">
    <failure type="java.lang.ArrayIndexOutOfBoundsException" message="Index 1 out of bounds for length 1">
      <![CDATA[java.lang.ArrayIndexOutOfBoundsException: Index 1 out of bounds for length 1
at commonLib.ExtentListener.onTestStart(ExtentListener.java:50)
at java.base/java.util.ArrayList.forEach(ArrayList.java:1597)
... Removed 24 stack frames]]>
    </failure>
  </testcase> <!-- verify_navigation_to_Item_page -->
  <testcase classname="tests.ItemPageTests" name="verify_navigation_to_Item_page" time="0.001">
    <failure type="java.lang.ArrayIndexOutOfBoundsException" message="Index 1 out of bounds for length 1">
      <![CDATA[java.lang.ArrayIndexOutOfBoundsException: Index 1 out of bounds for length 1
at commonLib.ExtentListener.onTestStart(ExtentListener.java:50)
at java.base/java.util.ArrayList.forEach(ArrayList.java:1597)
... Removed 24 stack frames]]>
    </failure>
  </testcase> <!-- verify_navigation_to_Item_page -->
  <testcase classname="tests.ItemPageTests" name="verify_navigation_to_Item_page" time="0.002">
    <failure type="java.lang.ArrayIndexOutOfBoundsException" message="Index 1 out of bounds for length 1">
      <![CDATA[java.lang.ArrayIndexOutOfBoundsException: Index 1 out of bounds for length 1
at commonLib.ExtentListener.onTestStart(ExtentListener.java:50)
at java.base/java.util.ArrayList.forEach(ArrayList.java:1597)
... Removed 24 stack frames]]>
    </failure>
  </testcase> <!-- verify_navigation_to_Item_page -->
</testsuite> <!-- EdgeTest -->
