<?xml version="1.0" encoding="UTF-8"?>
<!-- Generated by org.testng.reporters.JUnitXMLReporter -->
<testsuite ignored="1" hostname="ganesh" failures="2" tests="5" name="Test" time="20.353" errors="0" timestamp="2025-02-08T21:17:41 IST">
  <testcase classname="tests.BaseTest" name="@BeforeMethod setup" time="0.932">
    <failure type="java.lang.NullPointerException" message="Cannot invoke &amp;quot;commonLib.GetProperties.get_property(String)&amp;quot; because &amp;quot;this.prop&amp;quot; is null">
      <![CDATA[java.lang.NullPointerException: Cannot invoke "commonLib.GetProperties.get_property(String)" because "this.prop" is null
at tests.BaseTest.setup(BaseTest.java:49)
at java.base/java.util.ArrayList.forEach(ArrayList.java:1597)
... Removed 29 stack frames]]>
    </failure>
  </testcase> <!-- @BeforeMethod setup -->
  <testcase classname="tests.BaseTest" name="@BeforeMethod setup" time="-1.7390296614E9">
    <skipped/>
  </testcase> <!-- @BeforeMethod setup -->
  <testcase classname="tests.Login_Test" name="valid_login_test" time="1.046"/>
  <testcase classname="tests.Login_Test" name="valid_login_test" time="3.295"/>
  <testcase classname="tests.Login_Test" name="valid_login_test" time="3.412"/>
  <testcase classname="tests.ItemPageTests" name="verify_item_details_are_visible" time="0.984">
    <failure type="java.lang.ArrayIndexOutOfBoundsException" message="Index 0 out of bounds for length 0">
      <![CDATA[java.lang.ArrayIndexOutOfBoundsException: Index 0 out of bounds for length 0
at commonLib.ExtentListener.onTestStart(ExtentListener.java:47)
at java.base/java.util.ArrayList.forEach(ArrayList.java:1597)
... Removed 25 stack frames]]>
    </failure>
  </testcase> <!-- verify_item_details_are_visible -->
  <testcase classname="tests.ItemPageTests" name="verify_navigation_to_Item_page" time="0.037">
    <failure type="java.lang.ArrayIndexOutOfBoundsException" message="Index 0 out of bounds for length 0">
      <![CDATA[java.lang.ArrayIndexOutOfBoundsException: Index 0 out of bounds for length 0
at commonLib.ExtentListener.onTestStart(ExtentListener.java:47)
at java.base/java.util.ArrayList.forEach(ArrayList.java:1597)
... Removed 25 stack frames]]>
    </failure>
  </testcase> <!-- verify_navigation_to_Item_page -->
  <testcase classname="tests.BaseTest" name="@BeforeSuite global_setup" time="0.0">
    <ignored/>
  </testcase> <!-- @BeforeSuite global_setup -->
</testsuite> <!-- Test -->
